<?xml version="1.0" encoding="UTF-8"?>
<testsuite xmlns:xsi="http://www.w3.org/2001/XMLSchema-instance" xsi:noNamespaceSchemaLocation="https://maven.apache.org/surefire/maven-surefire-plugin/xsd/surefire-test-report.xsd" name="fr.ensma.a3.ia.AppTest" time="0.016" tests="1" errors="0" skipped="0" failures="0">
  <properties>
    <property name="java.specification.version" value="21"/>
    <property name="sun.jnu.encoding" value="UTF-8"/>
    <property name="java.class.path" value="/Users/florineteulieres/Desktop/A3Donnees/Option_Info/Conception_Logiciel/TD01/jeu_personnage_v1/target/test-classes:/Users/florineteulieres/Desktop/A3Donnees/Option_Info/Conception_Logiciel/TD01/jeu_personnage_v1/target/classes:/Users/florineteulieres/.m2/repository/org/mockito/mockito-core/5.7.0/mockito-core-5.7.0.jar:/Users/florineteulieres/.m2/repository/net/bytebuddy/byte-buddy/1.14.9/byte-buddy-1.14.9.jar:/Users/florineteulieres/.m2/repository/net/bytebuddy/byte-buddy-agent/1.14.9/byte-buddy-agent-1.14.9.jar:/Users/florineteulieres/.m2/repository/org/objenesis/objenesis/3.3/objenesis-3.3.jar:/Users/florineteulieres/.m2/repository/org/junit/jupiter/junit-jupiter-api/5.10.0/junit-jupiter-api-5.10.0.jar:/Users/florineteulieres/.m2/repository/org/opentest4j/opentest4j/1.3.0/opentest4j-1.3.0.jar:/Users/florineteulieres/.m2/repository/org/junit/platform/junit-platform-commons/1.10.0/junit-platform-commons-1.10.0.jar:/Users/florineteulieres/.m2/repository/org/apiguardian/apiguardian-api/1.1.2/apiguardian-api-1.1.2.jar:/Users/florineteulieres/.m2/repository/org/junit/jupiter/junit-jupiter-engine/5.10.0/junit-jupiter-engine-5.10.0.jar:/Users/florineteulieres/.m2/repository/org/junit/platform/junit-platform-engine/1.10.0/junit-platform-engine-1.10.0.jar:/Users/florineteulieres/.m2/repository/org/junit/jupiter/junit-jupiter-params/5.10.0/junit-jupiter-params-5.10.0.jar:/Users/florineteulieres/.m2/repository/junit/junit/4.13.1/junit-4.13.1.jar:/Users/florineteulieres/.m2/repository/org/hamcrest/hamcrest-core/1.3/hamcrest-core-1.3.jar:/Users/florineteulieres/.m2/repository/org/apache/logging/log4j/log4j-api/2.21.0/log4j-api-2.21.0.jar:/Users/florineteulieres/.m2/repository/org/apache/logging/log4j/log4j-core/2.21.0/log4j-core-2.21.0.jar:/Users/florineteulieres/.m2/repository/io/github/hakky54/logcaptor/2.9.0/logcaptor-2.9.0.jar:/Users/florineteulieres/.m2/repository/ch/qos/logback/logback-classic/1.3.5/logback-classic-1.3.5.jar:/Users/florineteulieres/.m2/repository/ch/qos/logback/logback-core/1.3.5/logback-core-1.3.5.jar:/Users/florineteulieres/.m2/repository/org/slf4j/slf4j-api/2.0.4/slf4j-api-2.0.4.jar:/Users/florineteulieres/.m2/repository/org/apache/logging/log4j/log4j-to-slf4j/2.19.0/log4j-to-slf4j-2.19.0.jar:/Users/florineteulieres/.m2/repository/org/slf4j/jul-to-slf4j/2.0.6/jul-to-slf4j-2.0.6.jar:/Users/florineteulieres/.m2/repository/org/mockito/mockito-junit-jupiter/5.7.0/mockito-junit-jupiter-5.7.0.jar:"/>
    <property name="java.vm.vendor" value="Homebrew"/>
    <property name="sun.arch.data.model" value="64"/>
    <property name="java.vendor.url" value="https://github.com/Homebrew/homebrew-core/issues"/>
    <property name="os.name" value="Mac OS X"/>
    <property name="java.vm.specification.version" value="21"/>
    <property name="sun.java.launcher" value="SUN_STANDARD"/>
    <property name="user.country" value="FR"/>
    <property name="sun.boot.library.path" value="/opt/homebrew/Cellar/openjdk/21/libexec/openjdk.jdk/Contents/Home/lib"/>
    <property name="sun.java.command" value="/Users/florineteulieres/Desktop/A3Donnees/Option_Info/Conception_Logiciel/TD01/jeu_personnage_v1/target/surefire/surefirebooter6958296426673508153.jar /Users/florineteulieres/Desktop/A3Donnees/Option_Info/Conception_Logiciel/TD01/jeu_personnage_v1/target/surefire 2023-11-07T11-21-36_466-jvmRun1 surefire12774523403065729274tmp surefire_01049732784373220031tmp"/>
    <property name="http.nonProxyHosts" value="local|*.local|169.254/16|*.169.254/16"/>
    <property name="jdk.debug" value="release"/>
    <property name="surefire.test.class.path" value="/Users/florineteulieres/Desktop/A3Donnees/Option_Info/Conception_Logiciel/TD01/jeu_personnage_v1/target/test-classes:/Users/florineteulieres/Desktop/A3Donnees/Option_Info/Conception_Logiciel/TD01/jeu_personnage_v1/target/classes:/Users/florineteulieres/.m2/repository/org/mockito/mockito-core/5.7.0/mockito-core-5.7.0.jar:/Users/florineteulieres/.m2/repository/net/bytebuddy/byte-buddy/1.14.9/byte-buddy-1.14.9.jar:/Users/florineteulieres/.m2/repository/net/bytebuddy/byte-buddy-agent/1.14.9/byte-buddy-agent-1.14.9.jar:/Users/florineteulieres/.m2/repository/org/objenesis/objenesis/3.3/objenesis-3.3.jar:/Users/florineteulieres/.m2/repository/org/junit/jupiter/junit-jupiter-api/5.10.0/junit-jupiter-api-5.10.0.jar:/Users/florineteulieres/.m2/repository/org/opentest4j/opentest4j/1.3.0/opentest4j-1.3.0.jar:/Users/florineteulieres/.m2/repository/org/junit/platform/junit-platform-commons/1.10.0/junit-platform-commons-1.10.0.jar:/Users/florineteulieres/.m2/repository/org/apiguardian/apiguardian-api/1.1.2/apiguardian-api-1.1.2.jar:/Users/florineteulieres/.m2/repository/org/junit/jupiter/junit-jupiter-engine/5.10.0/junit-jupiter-engine-5.10.0.jar:/Users/florineteulieres/.m2/repository/org/junit/platform/junit-platform-engine/1.10.0/junit-platform-engine-1.10.0.jar:/Users/florineteulieres/.m2/repository/org/junit/jupiter/junit-jupiter-params/5.10.0/junit-jupiter-params-5.10.0.jar:/Users/florineteulieres/.m2/repository/junit/junit/4.13.1/junit-4.13.1.jar:/Users/florineteulieres/.m2/repository/org/hamcrest/hamcrest-core/1.3/hamcrest-core-1.3.jar:/Users/florineteulieres/.m2/repository/org/apache/logging/log4j/log4j-api/2.21.0/log4j-api-2.21.0.jar:/Users/florineteulieres/.m2/repository/org/apache/logging/log4j/log4j-core/2.21.0/log4j-core-2.21.0.jar:/Users/florineteulieres/.m2/repository/io/github/hakky54/logcaptor/2.9.0/logcaptor-2.9.0.jar:/Users/florineteulieres/.m2/repository/ch/qos/logback/logback-classic/1.3.5/logback-classic-1.3.5.jar:/Users/florineteulieres/.m2/repository/ch/qos/logback/logback-core/1.3.5/logback-core-1.3.5.jar:/Users/florineteulieres/.m2/repository/org/slf4j/slf4j-api/2.0.4/slf4j-api-2.0.4.jar:/Users/florineteulieres/.m2/repository/org/apache/logging/log4j/log4j-to-slf4j/2.19.0/log4j-to-slf4j-2.19.0.jar:/Users/florineteulieres/.m2/repository/org/slf4j/jul-to-slf4j/2.0.6/jul-to-slf4j-2.0.6.jar:/Users/florineteulieres/.m2/repository/org/mockito/mockito-junit-jupiter/5.7.0/mockito-junit-jupiter-5.7.0.jar:"/>
    <property name="sun.cpu.endian" value="little"/>
    <property name="user.home" value="/Users/florineteulieres"/>
    <property name="user.language" value="fr"/>
    <property name="java.specification.vendor" value="Oracle Corporation"/>
    <property name="java.version.date" value="2023-09-19"/>
    <property name="java.home" value="/opt/homebrew/Cellar/openjdk/21/libexec/openjdk.jdk/Contents/Home"/>
    <property name="file.separator" value="/"/>
    <property name="basedir" value="/Users/florineteulieres/Desktop/A3Donnees/Option_Info/Conception_Logiciel/TD01/jeu_personnage_v1"/>
    <property name="java.vm.compressedOopsMode" value="Zero based"/>
    <property name="line.separator" value="&#10;"/>
    <property name="java.vm.specification.vendor" value="Oracle Corporation"/>
    <property name="java.specification.name" value="Java Platform API Specification"/>
    <property name="apple.awt.application.name" value="ForkedBooter"/>
    <property name="surefire.real.class.path" value="/Users/florineteulieres/Desktop/A3Donnees/Option_Info/Conception_Logiciel/TD01/jeu_personnage_v1/target/surefire/surefirebooter6958296426673508153.jar"/>
    <property name="sun.management.compiler" value="HotSpot 64-Bit Tiered Compilers"/>
    <property name="ftp.nonProxyHosts" value="local|*.local|169.254/16|*.169.254/16"/>
    <property name="java.runtime.version" value="21"/>
    <property name="user.name" value="florineteulieres"/>
    <property name="stdout.encoding" value="UTF-8"/>
    <property name="path.separator" value=":"/>
    <property name="os.version" value="13.5.1"/>
    <property name="java.runtime.name" value="OpenJDK Runtime Environment"/>
    <property name="file.encoding" value="UTF-8"/>
    <property name="java.vm.name" value="OpenJDK 64-Bit Server VM"/>
    <property name="java.vendor.version" value="Homebrew"/>
    <property name="localRepository" value="/Users/florineteulieres/.m2/repository"/>
    <property name="java.vendor.url.bug" value="https://github.com/Homebrew/homebrew-core/issues"/>
    <property name="java.io.tmpdir" value="/var/folders/br/y89t_02j3wvdgcm5042b2rs40000gn/T/"/>
    <property name="java.version" value="21"/>
    <property name="user.dir" value="/Users/florineteulieres/Desktop/A3Donnees/Option_Info/Conception_Logiciel/TD01/jeu_personnage_v1"/>
    <property name="os.arch" value="aarch64"/>
    <property name="java.vm.specification.name" value="Java Virtual Machine Specification"/>
    <property name="native.encoding" value="UTF-8"/>
    <property name="java.library.path" value="/Users/florineteulieres/Library/Java/Extensions:/Library/Java/Extensions:/Network/Library/Java/Extensions:/System/Library/Java/Extensions:/usr/lib/java:."/>
    <property name="java.vm.info" value="mixed mode, sharing"/>
    <property name="stderr.encoding" value="UTF-8"/>
    <property name="java.vendor" value="Homebrew"/>
    <property name="java.vm.version" value="21"/>
    <property name="sun.io.unicode.encoding" value="UnicodeBig"/>
    <property name="socksNonProxyHosts" value="local|*.local|169.254/16|*.169.254/16"/>
    <property name="java.class.version" value="65.0"/>
  </properties>
  <testcase name="shouldAnswerWithTrue" classname="fr.ensma.a3.ia.AppTest" time="0.01"/>
</testsuite>